<?xml version="1.0" encoding="UTF-8"?>
<!-- Generated by org.testng.reporters.JUnitReportReporter -->
<testsuite skipped="0" hostname="P46575" name="demo.tests.Expedia" tests="1" failures="0" timestamp="16 Sep 2018 14:45:00 GMT" time="16.700" errors="0">
  <testcase name="hotelReservationTest" time="16.700" classname="demo.tests.Expedia"/>
</testsuite> <!-- demo.tests.Expedia -->
