<?xml version="1.0" encoding="UTF-8"?>
<!-- Generated by org.testng.reporters.JUnitReportReporter -->
<testsuite skipped="0" hostname="P46575" name="demo.smoketests.LoginPresentTestNG" tests="1" failures="0" timestamp="16 Sep 2018 02:00:34 GMT" time="2.999" errors="0">
  <testcase name="loginElementsPresentTest" time="2.999" classname="demo.smoketests.LoginPresentTestNG"/>
</testsuite> <!-- demo.smoketests.LoginPresentTestNG -->
