<?xml version="1.0" encoding="UTF-8"?>
<!-- Generated by org.testng.reporters.JUnitReportReporter -->
<testsuite skipped="0" hostname="P46575" name="demo.smoketests.ATagsTest" tests="1" failures="0" timestamp="16 Sep 2018 02:00:34 GMT" time="3.544" errors="0">
  <testcase name="aTagsLinksTest" time="3.544" classname="demo.smoketests.ATagsTest"/>
</testsuite> <!-- demo.smoketests.ATagsTest -->
