<?xml version="1.0" encoding="UTF-8"?>
<!-- Generated by org.testng.reporters.JUnitReportReporter -->
<testsuite skipped="0" hostname="P46575" name="demo.smoketests.LoginPresentTestNG" tests="1" failures="0" timestamp="15 Sep 2018 08:44:16 GMT" time="3.813" errors="0">
  <testcase name="loginElementsPresentTest" time="3.813" classname="demo.smoketests.LoginPresentTestNG"/>
</testsuite> <!-- demo.smoketests.LoginPresentTestNG -->
