<?xml version="1.0" encoding="UTF-8"?>
<!-- Generated by org.testng.reporters.JUnitReportReporter -->
<testsuite skipped="0" hostname="P46575" name="demo.tests.Expedia" tests="1" failures="0" timestamp="17 Sep 2018 11:39:53 GMT" time="26.347" errors="0">
  <testcase name="hotelReservationTest" time="26.347" classname="demo.tests.Expedia"/>
</testsuite> <!-- demo.tests.Expedia -->
