<?xml version="1.0" encoding="UTF-8"?>
<!-- Generated by org.testng.reporters.JUnitReportReporter -->
<testsuite skipped="0" hostname="P46575" name="demo.LoginDDTTestNG" tests="4" failures="0" timestamp="16 Sep 2018 07:55:18 GMT" time="18.148" errors="0">
  <testcase name="LoginTest" time="4.180" classname="demo.LoginDDTTestNG"/>
  <testcase name="LoginTest" time="4.989" classname="demo.LoginDDTTestNG"/>
  <testcase name="LoginTest" time="4.586" classname="demo.LoginDDTTestNG"/>
  <testcase name="LoginTest" time="4.393" classname="demo.LoginDDTTestNG"/>
</testsuite> <!-- demo.LoginDDTTestNG -->
