<?xml version="1.0" encoding="UTF-8"?>
<!-- Generated by org.testng.reporters.JUnitReportReporter -->
<testsuite skipped="0" hostname="P46575" name="demo.tests.Expedia" tests="1" failures="0" timestamp="16 Sep 2018 13:08:34 GMT" time="17.288" errors="0">
  <testcase name="hotelReservationTest" time="17.288" classname="demo.tests.Expedia"/>
</testsuite> <!-- demo.tests.Expedia -->
